<?xml version="1.0" encoding="UTF-8"?>
<testng-results skipped="0" failed="0" total="1" passed="1">
  <reporter-output>
    <line>
      <![CDATA[Langs from: languages_desktop.csv]]>
    </line>
  </reporter-output>
  <suite name="Default suite" duration-ms="70152" started-at="2015-02-26T14:20:27Z" finished-at="2015-02-26T14:21:38Z">
    <groups>
    </groups>
    <test name="Default test" duration-ms="70152" started-at="2015-02-26T14:20:27Z" finished-at="2015-02-26T14:21:38Z">
      <class name="testCase.CreateAcountTest">
        <test-method status="PASS" signature="beforeClass()[pri:0, instance:testCase.CreateAcountTest@8fff06]" name="beforeClass" is-config="true" duration-ms="29990" started-at="2015-02-26T15:20:27Z" finished-at="2015-02-26T15:20:57Z">
          <reporter-output>
          </reporter-output>
        </test-method> <!-- beforeClass -->
        <test-method status="PASS" signature="tesEditAcount()[pri:0, instance:testCase.CreateAcountTest@8fff06]" name="tesEditAcount" duration-ms="39103" started-at="2015-02-26T15:20:57Z" finished-at="2015-02-26T15:21:37Z">
          <reporter-output>
          </reporter-output>
        </test-method> <!-- tesEditAcount -->
        <test-method status="PASS" signature="afterClass()[pri:0, instance:testCase.CreateAcountTest@8fff06]" name="afterClass" is-config="true" duration-ms="1037" started-at="2015-02-26T15:21:37Z" finished-at="2015-02-26T15:21:38Z">
          <reporter-output>
          </reporter-output>
        </test-method> <!-- afterClass -->
      </class> <!-- testCase.CreateAcountTest -->
    </test> <!-- Default test -->
  </suite> <!-- Default suite -->
</testng-results>
